# JRE version: Java(TM) SE Runtime Environment (8.0_261-b12) (build 1.8.0_261-b12)
# Java VM: Java HotSpot(TM) 64-Bit Server VM (25.261-b12 mixed mode windows-amd64 compressed oops)
Heap:
 PSYoungGen      total 80896K, used 30037K [0x00000000f5580000, 0x00000000fb880000, 0x0000000100000000)
  eden space 62464K, 21% used [0x00000000f5580000,0x00000000f6257430,0x00000000f9280000)
  from space 18432K, 91% used [0x00000000fa600000,0x00000000fb67e220,0x00000000fb800000)
  to   space 19456K, 0% used [0x00000000f9280000,0x00000000f9280000,0x00000000fa580000)
 ParOldGen       total 175104K, used 21603K [0x00000000e0000000, 0x00000000eab00000, 0x00000000f5580000)
  object space 175104K, 12% used [0x00000000e0000000,0x00000000e1518e40,0x00000000eab00000)
 Metaspace       used 25171K, capacity 25802K, committed 25856K, reserved 1073152K
  class space    used 2856K, capacity 3050K, committed 3072K, reserved 1048576K
GC Heap History (10 events):
Event: 7.547 GC heap before
{Heap before GC invocations=3 (full 0):
 PSYoungGen      total 76288K, used 76287K [0x00000000f5580000, 0x00000000faa80000, 0x0000000100000000)
  eden space 65536K, 100% used [0x00000000f5580000,0x00000000f9580000,0x00000000f9580000)
  from space 10752K, 99% used [0x00000000fa000000,0x00000000faa7ff78,0x00000000faa80000)
  to   space 10752K, 0% used [0x00000000f9580000,0x00000000f9580000,0x00000000fa000000)
 ParOldGen       total 175104K, used 1833K [0x00000000e0000000, 0x00000000eab00000, 0x00000000f5580000)
  object space 175104K, 1% used [0x00000000e0000000,0x00000000e01ca600,0x00000000eab00000)
 Metaspace       used 16119K, capacity 16306K, committed 16640K, reserved 1064960K
  class space    used 1878K, capacity 1979K, committed 2048K, reserved 1048576K
Event: 7.554 GC heap after
Heap after GC invocations=3 (full 0):
 PSYoungGen      total 76288K, used 10733K [0x00000000f5580000, 0x00000000faa80000, 0x0000000100000000)
  eden space 65536K, 0% used [0x00000000f5580000,0x00000000f5580000,0x00000000f9580000)
  from space 10752K, 99% used [0x00000000f9580000,0x00000000f9ffb620,0x00000000fa000000)
  to   space 10752K, 0% used [0x00000000fa000000,0x00000000fa000000,0x00000000faa80000)
 ParOldGen       total 175104K, used 7911K [0x00000000e0000000, 0x00000000eab00000, 0x00000000f5580000)
  object space 175104K, 4% used [0x00000000e0000000,0x00000000e07b9c58,0x00000000eab00000)
 Metaspace       used 16119K, capacity 16306K, committed 16640K, reserved 1064960K
  class space    used 1878K, capacity 1979K, committed 2048K, reserved 1048576K
}
Event: 13.736 GC heap before
{Heap before GC invocations=4 (full 0):
 PSYoungGen      total 76288K, used 76269K [0x00000000f5580000, 0x00000000faa80000, 0x0000000100000000)
  eden space 65536K, 100% used [0x00000000f5580000,0x00000000f9580000,0x00000000f9580000)
  from space 10752K, 99% used [0x00000000f9580000,0x00000000f9ffb620,0x00000000fa000000)
  to   space 10752K, 0% used [0x00000000fa000000,0x00000000fa000000,0x00000000faa80000)
 ParOldGen       total 175104K, used 7911K [0x00000000e0000000, 0x00000000eab00000, 0x00000000f5580000)
  object space 175104K, 4% used [0x00000000e0000000,0x00000000e07b9c58,0x00000000eab00000)
 Metaspace       used 18285K, capacity 18814K, committed 18944K, reserved 1067008K
  class space    used 2108K, capacity 2298K, committed 2304K, reserved 1048576K
Event: 13.744 GC heap after
Heap after GC invocations=4 (full 0):
 PSYoungGen      total 76288K, used 10733K [0x00000000f5580000, 0x00000000faa80000, 0x0000000100000000)
  eden space 65536K, 0% used [0x00000000f5580000,0x00000000f5580000,0x00000000f9580000)
  from space 10752K, 99% used [0x00000000fa000000,0x00000000faa7b660,0x00000000faa80000)
  to   space 10752K, 0% used [0x00000000f9580000,0x00000000f9580000,0x00000000fa000000)
 ParOldGen       total 175104K, used 13225K [0x00000000e0000000, 0x00000000eab00000, 0x00000000f5580000)
  object space 175104K, 7% used [0x00000000e0000000,0x00000000e0cea5d8,0x00000000eab00000)
 Metaspace       used 18285K, capacity 18814K, committed 18944K, reserved 1067008K
  class space    used 2108K, capacity 2298K, committed 2304K, reserved 1048576K
}
Event: 15.084 GC heap before
{Heap before GC invocations=5 (full 0):
 PSYoungGen      total 76288K, used 40776K [0x00000000f5580000, 0x00000000faa80000, 0x0000000100000000)
  eden space 65536K, 45% used [0x00000000f5580000,0x00000000f72d6c08,0x00000000f9580000)
  from space 10752K, 99% used [0x00000000fa000000,0x00000000faa7b660,0x00000000faa80000)
  to   space 10752K, 0% used [0x00000000f9580000,0x00000000f9580000,0x00000000fa000000)
 ParOldGen       total 175104K, used 13225K [0x00000000e0000000, 0x00000000eab00000, 0x00000000f5580000)
  object space 175104K, 7% used [0x00000000e0000000,0x00000000e0cea5d8,0x00000000eab00000)
 Metaspace       used 20551K, capacity 21130K, committed 21296K, reserved 1069056K
  class space    used 2399K, capacity 2602K, committed 2688K, reserved 1048576K
Event: 15.090 GC heap after
Heap after GC invocations=5 (full 0):
 PSYoungGen      total 74752K, used 10733K [0x00000000f5580000, 0x00000000fb800000, 0x0000000100000000)
  eden space 64000K, 0% used [0x00000000f5580000,0x00000000f5580000,0x00000000f9400000)
  from space 10752K, 99% used [0x00000000f9580000,0x00000000f9ffb680,0x00000000fa000000)
  to   space 18432K, 0% used [0x00000000fa600000,0x00000000fa600000,0x00000000fb800000)
 ParOldGen       total 175104K, used 15295K [0x00000000e0000000, 0x00000000eab00000, 0x00000000f5580000)
  object space 175104K, 8% used [0x00000000e0000000,0x00000000e0eefcc8,0x00000000eab00000)
 Metaspace       used 20551K, capacity 21130K, committed 21296K, reserved 1069056K
  class space    used 2399K, capacity 2602K, committed 2688K, reserved 1048576K
}
Event: 15.090 GC heap before
{Heap before GC invocations=6 (full 1):
 PSYoungGen      total 74752K, used 10733K [0x00000000f5580000, 0x00000000fb800000, 0x0000000100000000)
  eden space 64000K, 0% used [0x00000000f5580000,0x00000000f5580000,0x00000000f9400000)
  from space 10752K, 99% used [0x00000000f9580000,0x00000000f9ffb680,0x00000000fa000000)
  to   space 18432K, 0% used [0x00000000fa600000,0x00000000fa600000,0x00000000fb800000)
 ParOldGen       total 175104K, used 15295K [0x00000000e0000000, 0x00000000eab00000, 0x00000000f5580000)
  object space 175104K, 8% used [0x00000000e0000000,0x00000000e0eefcc8,0x00000000eab00000)
 Metaspace       used 20551K, capacity 21130K, committed 21296K, reserved 1069056K
  class space    used 2399K, capacity 2602K, committed 2688K, reserved 1048576K
Event: 15.133 GC heap after
Heap after GC invocations=6 (full 1):
 PSYoungGen      total 74752K, used 0K [0x00000000f5580000, 0x00000000fb800000, 0x0000000100000000)
  eden space 64000K, 0% used [0x00000000f5580000,0x00000000f5580000,0x00000000f9400000)
  from space 10752K, 0% used [0x00000000f9580000,0x00000000f9580000,0x00000000fa000000)
  to   space 18432K, 0% used [0x00000000fa600000,0x00000000fa600000,0x00000000fb800000)
 ParOldGen       total 175104K, used 21595K [0x00000000e0000000, 0x00000000eab00000, 0x00000000f5580000)
  object space 175104K, 12% used [0x00000000e0000000,0x00000000e1516e40,0x00000000eab00000)
 Metaspace       used 20551K, capacity 21130K, committed 21296K, reserved 1069056K
  class space    used 2399K, capacity 2602K, committed 2688K, reserved 1048576K
}
Event: 21.544 GC heap before
{Heap before GC invocations=7 (full 1):
 PSYoungGen      total 74752K, used 64000K [0x00000000f5580000, 0x00000000fb800000, 0x0000000100000000)
  eden space 64000K, 100% used [0x00000000f5580000,0x00000000f9400000,0x00000000f9400000)
  from space 10752K, 0% used [0x00000000f9580000,0x00000000f9580000,0x00000000fa000000)
  to   space 18432K, 0% used [0x00000000fa600000,0x00000000fa600000,0x00000000fb800000)
 ParOldGen       total 175104K, used 21595K [0x00000000e0000000, 0x00000000eab00000, 0x00000000f5580000)
  object space 175104K, 12% used [0x00000000e0000000,0x00000000e1516e40,0x00000000eab00000)
 Metaspace       used 24620K, capacity 25226K, committed 25344K, reserved 1071104K
  class space    used 2841K, capacity 3050K, committed 3072K, reserved 1048576K
Event: 21.552 GC heap after
Heap after GC invocations=7 (full 1):
 PSYoungGen      total 80896K, used 16888K [0x00000000f5580000, 0x00000000fb880000, 0x0000000100000000)
  eden space 62464K, 0% used [0x00000000f5580000,0x00000000f5580000,0x00000000f9280000)
  from space 18432K, 91% used [0x00000000fa600000,0x00000000fb67e220,0x00000000fb800000)
  to   space 19456K, 0% used [0x00000000f9280000,0x00000000f9280000,0x00000000fa580000)
 ParOldGen       total 175104K, used 21603K [0x00000000e0000000, 0x00000000eab00000, 0x00000000f5580000)
  object space 175104K, 12% used [0x00000000e0000000,0x00000000e1518e40,0x00000000eab00000)
 Metaspace       used 24620K, capacity 25226K, committed 25344K, reserved 1071104K
  class space    used 2841K, capacity 3050K, committed 3072K, reserved 1048576K
}

